#
# There is insufficient memory for the Java Runtime Environment to continue.
# Native memory allocation (malloc) failed to allocate 1048576 bytes for AllocateHeap
# Possible reasons:
#   The system is out of physical RAM or swap space
#   The process is running with CompressedOops enabled, and the Java Heap may be blocking the growth of the native heap
# Possible solutions:
#   Reduce memory load on the system
#   Increase physical memory or swap space
#   Check if swap backing store is full
#   Decrease Java heap size (-Xmx/-Xms)
#   Decrease number of Java threads
#   Decrease Java thread stack sizes (-Xss)
#   Set larger code cache with -XX:ReservedCodeCacheSize=
#   JVM is running with Unscaled Compressed Oops mode in which the Java heap is
#     placed in the first 4GB address space. The Java Heap base address is the
#     maximum limit for the native heap growth. Please use -XX:HeapBaseMinAddress
#     to set the Java Heap base and to place the Java Heap above 4GB virtual address.
# This output file may be truncated or incomplete.
#
#  Out of Memory Error (allocation.cpp:44), pid=64212, tid=64272
#
# JRE version:  (17.0.10+7) (build )
# Java VM: OpenJDK 64-Bit Server VM (17.0.10+7, mixed mode, sharing, tiered, compressed oops, compressed class ptrs, g1 gc, windows-amd64)
# No core dump will be written. Minidumps are not enabled by default on client versions of Windows
#

---------------  S U M M A R Y ------------

Command Line: -Dfile.encoding=UTF-8 -Dstdout.encoding=UTF-8 -Dstderr.encoding=UTF-8 -XX:+ShowCodeDetailsInExceptionMessages gui.Main

Host: 13th Gen Intel(R) Core(TM) i7-13700F, 24 cores, 31G,  Windows 11 , 64 bit Build 22621 (10.0.22621.3527)
Time: Tue Jun 11 19:42:12 2024 Eastern Daylight Time elapsed time: 0.005830 seconds (0d 0h 0m 0s)

---------------  T H R E A D  ---------------

Current thread (0x000001de8f11a060):  JavaThread "Unknown thread" [_thread_in_vm, id=64272, stack(0x0000005997600000,0x0000005997700000)]

Stack: [0x0000005997600000,0x0000005997700000]
Native frames: (J=compiled Java code, j=interpreted, Vv=VM code, C=native code)
V  [jvm.dll+0x67d2c9]
V  [jvm.dll+0x834afa]
V  [jvm.dll+0x8365be]
V  [jvm.dll+0x836c23]
V  [jvm.dll+0x2477ff]
V  [jvm.dll+0xa6c93]
V  [jvm.dll+0x2d9e04]
V  [jvm.dll+0x80632c]
V  [jvm.dll+0x36c6f1]
V  [jvm.dll+0x7e4e06]
V  [jvm.dll+0x3eff3f]
V  [jvm.dll+0x3f1b71]
C  [jli.dll+0x528f]
C  [ucrtbase.dll+0x29333]
C  [KERNEL32.DLL+0x1257d]
C  [ntdll.dll+0x5aa48]


---------------  P R O C E S S  ---------------

Threads class SMR info:
_java_thread_list=0x00007ff81295ee98, length=0, elements={
}

Java Threads: ( => current thread )

Other Threads:

=>0x000001de8f11a060 (exited) JavaThread "Unknown thread" [_thread_in_vm, id=64272, stack(0x0000005997600000,0x0000005997700000)]

Threads with active compile tasks:

VM state: not at safepoint (not fully initialized)

VM Mutex/Monitor currently owned by a thread: None

Heap address: 0x0000000000000000, size: 0 MB, Compressed Oops mode: 32-bit

CDS archive(s) mapped at: [0x0000000000000000-0x0000000000000000-0x0000000000000000), size 0, SharedBaseAddress: 0x0000000800000000, ArchiveRelocationMode: 1.
Narrow klass base: 0x0000000000000000, Narrow klass shift: 0, Narrow klass range: 0x0

GC Precious Log:
<Empty>

GC Heap History (0 events):
No events

Dll operation events (1 events):
Event: 0.003 Loaded shared library C:\Users\minec\.p2\pool\plugins\org.eclipse.justj.openjdk.hotspot.jre.full.win32.x86_64_17.0.10.v20240120-1143\jre\bin\java.dll

Deoptimization events (0 events):
No events

Classes unloaded (0 events):
No events

Classes redefined (0 events):
No events

Internal exceptions (0 events):
No events

VM Operations (0 events):
No events

Events (0 events):
No events


Dynamic libraries:
0x00007ff714cb0000 - 0x00007ff714cbe000 	C:\Users\minec\.p2\pool\plugins\org.eclipse.justj.openjdk.hotspot.jre.full.win32.x86_64_17.0.10.v20240120-1143\jre\bin\javaw.exe
0x00007ff860010000 - 0x00007ff860227000 	C:\Windows\SYSTEM32\ntdll.dll
0x00007ff85dfa0000 - 0x00007ff85e064000 	C:\Windows\System32\KERNEL32.DLL
0x00007ff85d590000 - 0x00007ff85d937000 	C:\Windows\System32\KERNELBASE.dll
0x00007ff85dae0000 - 0x00007ff85dbf1000 	C:\Windows\System32\ucrtbase.dll
0x00007ff834380000 - 0x00007ff834397000 	C:\Users\minec\.p2\pool\plugins\org.eclipse.justj.openjdk.hotspot.jre.full.win32.x86_64_17.0.10.v20240120-1143\jre\bin\jli.dll
0x00007ff834360000 - 0x00007ff83437b000 	C:\Users\minec\.p2\pool\plugins\org.eclipse.justj.openjdk.hotspot.jre.full.win32.x86_64_17.0.10.v20240120-1143\jre\bin\VCRUNTIME140.dll
0x00007ff85f260000 - 0x00007ff85f40e000 	C:\Windows\System32\USER32.dll
0x00007ff85dc70000 - 0x00007ff85dc96000 	C:\Windows\System32\win32u.dll
0x00007ff84c990000 - 0x00007ff84cc23000 	C:\Windows\WinSxS\amd64_microsoft.windows.common-controls_6595b64144ccf1df_6.0.22621.3527_none_270e469b73872a76\COMCTL32.dll
0x00007ff85f150000 - 0x00007ff85f179000 	C:\Windows\System32\GDI32.dll
0x00007ff85eb40000 - 0x00007ff85ebe7000 	C:\Windows\System32\msvcrt.dll
0x00007ff85d9c0000 - 0x00007ff85dad9000 	C:\Windows\System32\gdi32full.dll
0x00007ff85dca0000 - 0x00007ff85dd3a000 	C:\Windows\System32\msvcp_win.dll
0x00007ff85e200000 - 0x00007ff85e231000 	C:\Windows\System32\IMM32.DLL
0x00007ff850de0000 - 0x00007ff850dec000 	C:\Users\minec\.p2\pool\plugins\org.eclipse.justj.openjdk.hotspot.jre.full.win32.x86_64_17.0.10.v20240120-1143\jre\bin\vcruntime140_1.dll
0x00007ff806a90000 - 0x00007ff806b1d000 	C:\Users\minec\.p2\pool\plugins\org.eclipse.justj.openjdk.hotspot.jre.full.win32.x86_64_17.0.10.v20240120-1143\jre\bin\msvcp140.dll
0x00007ff811e30000 - 0x00007ff812a92000 	C:\Users\minec\.p2\pool\plugins\org.eclipse.justj.openjdk.hotspot.jre.full.win32.x86_64_17.0.10.v20240120-1143\jre\bin\server\jvm.dll
0x00007ff85ddb0000 - 0x00007ff85de62000 	C:\Windows\System32\ADVAPI32.dll
0x00007ff85fc80000 - 0x00007ff85fd28000 	C:\Windows\System32\sechost.dll
0x00007ff85d3f0000 - 0x00007ff85d418000 	C:\Windows\System32\bcrypt.dll
0x00007ff85e410000 - 0x00007ff85e525000 	C:\Windows\System32\RPCRT4.dll
0x00007ff83a190000 - 0x00007ff83a199000 	C:\Windows\SYSTEM32\WSOCK32.dll
0x00007ff85cdd0000 - 0x00007ff85ce1d000 	C:\Windows\SYSTEM32\POWRPROF.dll
0x00007ff854f80000 - 0x00007ff854fb4000 	C:\Windows\SYSTEM32\WINMM.dll
0x00007ff85de70000 - 0x00007ff85dee1000 	C:\Windows\System32\WS2_32.dll
0x00007ff856850000 - 0x00007ff85685a000 	C:\Windows\SYSTEM32\VERSION.dll
0x00007ff85ccf0000 - 0x00007ff85cd03000 	C:\Windows\SYSTEM32\UMPDC.dll
0x00007ff85c270000 - 0x00007ff85c288000 	C:\Windows\SYSTEM32\kernel.appcore.dll
0x00007ff83a170000 - 0x00007ff83a17a000 	C:\Users\minec\.p2\pool\plugins\org.eclipse.justj.openjdk.hotspot.jre.full.win32.x86_64_17.0.10.v20240120-1143\jre\bin\jimage.dll
0x00007ff8529d0000 - 0x00007ff852c02000 	C:\Windows\SYSTEM32\DBGHELP.DLL
0x00007ff85edb0000 - 0x00007ff85f138000 	C:\Windows\System32\combase.dll
0x00007ff85ea00000 - 0x00007ff85ead7000 	C:\Windows\System32\OLEAUT32.dll
0x00007ff838b20000 - 0x00007ff838b52000 	C:\Windows\SYSTEM32\dbgcore.DLL
0x00007ff85d940000 - 0x00007ff85d9b9000 	C:\Windows\System32\bcryptPrimitives.dll
0x00007ff813010000 - 0x00007ff813035000 	C:\Users\minec\.p2\pool\plugins\org.eclipse.justj.openjdk.hotspot.jre.full.win32.x86_64_17.0.10.v20240120-1143\jre\bin\java.dll

dbghelp: loaded successfully - version: 4.0.5 - missing functions: none
symbol engine: initialized successfully - sym options: 0x614 - pdb path: .;C:\Users\minec\.p2\pool\plugins\org.eclipse.justj.openjdk.hotspot.jre.full.win32.x86_64_17.0.10.v20240120-1143\jre\bin;C:\Windows\SYSTEM32;C:\Windows\WinSxS\amd64_microsoft.windows.common-controls_6595b64144ccf1df_6.0.22621.3527_none_270e469b73872a76;C:\Users\minec\.p2\pool\plugins\org.eclipse.justj.openjdk.hotspot.jre.full.win32.x86_64_17.0.10.v20240120-1143\jre\bin\server

VM Arguments:
jvm_args: -Dfile.encoding=UTF-8 -Dstdout.encoding=UTF-8 -Dstderr.encoding=UTF-8 -XX:+ShowCodeDetailsInExceptionMessages 
java_command: gui.Main
java_class_path (initial): C:\Users\minec\git\repository\PongPlus\bin
Launcher Type: SUN_STANDARD

[Global flags]
     intx CICompilerCount                          = 12                                        {product} {ergonomic}
     uint ConcGCThreads                            = 5                                         {product} {ergonomic}
     uint G1ConcRefinementThreads                  = 18                                        {product} {ergonomic}
   size_t G1HeapRegionSize                         = 4194304                                   {product} {ergonomic}
    uintx GCDrainStackTargetSize                   = 64                                        {product} {ergonomic}
   size_t InitialHeapSize                          = 536870912                                 {product} {ergonomic}
   size_t MarkStackSize                            = 4194304                                   {product} {ergonomic}
   size_t MaxHeapSize                              = 8543797248                                {product} {ergonomic}
   size_t MinHeapDeltaBytes                        = 4194304                                   {product} {ergonomic}
   size_t MinHeapSize                              = 8388608                                   {product} {ergonomic}
    uintx NonNMethodCodeHeapSize                   = 7602480                                {pd product} {ergonomic}
    uintx NonProfiledCodeHeapSize                  = 122027880                              {pd product} {ergonomic}
    uintx ProfiledCodeHeapSize                     = 122027880                              {pd product} {ergonomic}
    uintx ReservedCodeCacheSize                    = 251658240                              {pd product} {ergonomic}
     bool SegmentedCodeCache                       = true                                      {product} {ergonomic}
     bool ShowCodeDetailsInExceptionMessages       = true                                   {manageable} {command line}
   size_t SoftMaxHeapSize                          = 8543797248                             {manageable} {ergonomic}
     bool UseCompressedClassPointers               = true                           {product lp64_product} {ergonomic}
     bool UseCompressedOops                        = true                           {product lp64_product} {ergonomic}
     bool UseG1GC                                  = true                                      {product} {ergonomic}
     bool UseLargePagesIndividualAllocation        = false                                  {pd product} {ergonomic}

Logging:
Log output configuration:
 #0: stdout all=warning uptime,level,tags
 #1: stderr all=off uptime,level,tags

Environment Variables:
PATH=C:/Users/minec/.p2/pool/plugins/org.eclipse.justj.openjdk.hotspot.jre.full.win32.x86_64_17.0.10.v20240120-1143/jre/bin/server;C:/Users/minec/.p2/pool/plugins/org.eclipse.justj.openjdk.hotspot.jre.full.win32.x86_64_17.0.10.v20240120-1143/jre/bin;C:\Program Files (x86)\Common Files\Oracle\Java\javapath;C:\Windows\system32;C:\Windows;C:\Windows\System32\Wbem;C:\Windows\System32\WindowsPowerShell\v1.0\;C:\Windows\System32\OpenSSH\;C:\Program Files (x86)\NVIDIA Corporation\PhysX\Common;C:\Program Files\Mullvad VPN\resources;C:\Program Files\NVIDIA Corporation\NVIDIA NvDLISR;C:\Program Files\nodejs\;C:\Users\minec\AppData\Local\Microsoft\WindowsApps;C:\Users\minec\AppData\Local\Programs\Microsoft VS Code\bin;C:\Users\minec\AppData\Roaming\npm;C:\Users\minec\AppData\Local\GitHubDesktop\bin;C:\Windows\System32;
USERNAME=minec
OS=Windows_NT
PROCESSOR_IDENTIFIER=Intel64 Family 6 Model 183 Stepping 1, GenuineIntel
TMP=C:\Users\minec\AppData\Local\Temp
TEMP=C:\Users\minec\AppData\Local\Temp



Periodic native trim disabled


---------------  S Y S T E M  ---------------

OS:
 Windows 11 , 64 bit Build 22621 (10.0.22621.3527)
OS uptime: 1 days 4:38 hours
Hyper-V role detected

CPU: total 24 (initial active 24) (12 cores per cpu, 2 threads per core) family 6 model 183 stepping 1 microcode 0x113, cx8, cmov, fxsr, ht, mmx, 3dnowpref, sse, sse2, sse3, ssse3, sse4.1, sse4.2, popcnt, lzcnt, tsc, tscinvbit, avx, avx2, aes, erms, clmul, bmi1, bmi2, adx, sha, fma, vzeroupper, clflush, clflushopt, clwb, hv
Processor Information for all 24 processors :
  Max Mhz: 2100, Current Mhz: 2100, Mhz Limit: 2100

Memory: 4k page, system-wide physical 32581M (2879M free)
TotalPageFile size 130885M (AvailPageFile size 5M)
current process WorkingSet (physical memory assigned to process): 11M, peak: 11M
current process commit charge ("private bytes"): 20M, peak: 21M

vm_info: OpenJDK 64-Bit Server VM (17.0.10+7) for windows-amd64 JRE (17.0.10+7), built on Jan 16 2024 23:25:11 by "admin" with MS VC++ 16.10 / 16.11 (VS2019)

END.
