#
# There is insufficient memory for the Java Runtime Environment to continue.
# Native memory allocation (malloc) failed to allocate 65552 bytes for Chunk::new
# Possible reasons:
#   The system is out of physical RAM or swap space
#   The process is running with CompressedOops enabled, and the Java Heap may be blocking the growth of the native heap
# Possible solutions:
#   Reduce memory load on the system
#   Increase physical memory or swap space
#   Check if swap backing store is full
#   Decrease Java heap size (-Xmx/-Xms)
#   Decrease number of Java threads
#   Decrease Java thread stack sizes (-Xss)
#   Set larger code cache with -XX:ReservedCodeCacheSize=
#   JVM is running with Zero Based Compressed Oops mode in which the Java heap is
#     placed in the first 32GB address space. The Java Heap base address is the
#     maximum limit for the native heap growth. Please use -XX:HeapBaseMinAddress
#     to set the Java Heap base and to place the Java Heap above 32GB virtual address.
# This output file may be truncated or incomplete.
#
#  Out of Memory Error (arena.cpp:191), pid=10764, tid=63248
#
# JRE version: OpenJDK Runtime Environment Temurin-17.0.10+7 (17.0.10+7) (build 17.0.10+7)
# Java VM: OpenJDK 64-Bit Server VM Temurin-17.0.10+7 (17.0.10+7, mixed mode, tiered, compressed oops, compressed class ptrs, g1 gc, windows-amd64)
# No core dump will be written. Minidumps are not enabled by default on client versions of Windows
#

---------------  S U M M A R Y ------------

Command Line: -Dfile.encoding=UTF-8 -Dstdout.encoding=UTF-8 -Dstderr.encoding=UTF-8 -XX:+ShowCodeDetailsInExceptionMessages gui.Main

Host: 13th Gen Intel(R) Core(TM) i7-13700F, 24 cores, 31G,  Windows 11 , 64 bit Build 22621 (10.0.22621.3527)
Time: Tue Jun 11 19:42:40 2024 Eastern Daylight Time elapsed time: 42.673126 seconds (0d 0h 0m 42s)

---------------  T H R E A D  ---------------

Current thread (0x000001ebd2d40d70):  JavaThread "C2 CompilerThread0" daemon [_thread_in_native, id=63248, stack(0x00000052a4100000,0x00000052a4200000)]


Current CompileTask:
C2:  42673 1417   !   4       javax.swing.RepaintManager::addDirtyRegion0 (205 bytes)

Stack: [0x00000052a4100000,0x00000052a4200000]
Native frames: (J=compiled Java code, j=interpreted, Vv=VM code, C=native code)
V  [jvm.dll+0x67d2c9]
V  [jvm.dll+0x834afa]
V  [jvm.dll+0x8365be]
V  [jvm.dll+0x836c23]
V  [jvm.dll+0x2477ff]
V  [jvm.dll+0xac514]
V  [jvm.dll+0xacb5c]
V  [jvm.dll+0xac61b]
V  [jvm.dll+0x65ab1c]
V  [jvm.dll+0x60d997]
V  [jvm.dll+0x219d68]
V  [jvm.dll+0x219311]
V  [jvm.dll+0x1a502d]
V  [jvm.dll+0x2290de]
V  [jvm.dll+0x2272ac]
V  [jvm.dll+0x7e9bb7]
V  [jvm.dll+0x7e3fba]
V  [jvm.dll+0x67c1b5]
C  [ucrtbase.dll+0x29333]
C  [KERNEL32.DLL+0x1257d]
C  [ntdll.dll+0x5aa48]


---------------  P R O C E S S  ---------------

Threads class SMR info:
_java_thread_list=0x000001ebd788e510, length=18, elements={
0x000001ebd2ccfe10, 0x000001ebd2cd1ca0, 0x000001ebd2d34280, 0x000001ebd2d35e50,
0x000001ebd2d37950, 0x000001ebd2d3a320, 0x000001ebd2d40d70, 0x000001ebd2d42760,
0x000001ebd2d4fca0, 0x000001ebd2ee0db0, 0x000001ebd2ee84e0, 0x000001ebd72c4ef0,
0x000001ebd72c57e0, 0x000001ebd72c7cd0, 0x000001ebd76eecf0, 0x000001ebd76ee7e0,
0x000001ebd76ef200, 0x000001ebd76ef710
}

Java Threads: ( => current thread )
  0x000001ebd2ccfe10 JavaThread "Reference Handler" daemon [_thread_blocked, id=63216, stack(0x00000052a3b00000,0x00000052a3c00000)]
  0x000001ebd2cd1ca0 JavaThread "Finalizer" daemon [_thread_blocked, id=63228, stack(0x00000052a3c00000,0x00000052a3d00000)]
  0x000001ebd2d34280 JavaThread "Signal Dispatcher" daemon [_thread_blocked, id=63196, stack(0x00000052a3d00000,0x00000052a3e00000)]
  0x000001ebd2d35e50 JavaThread "Attach Listener" daemon [_thread_blocked, id=63280, stack(0x00000052a3e00000,0x00000052a3f00000)]
  0x000001ebd2d37950 JavaThread "Service Thread" daemon [_thread_blocked, id=63260, stack(0x00000052a3f00000,0x00000052a4000000)]
  0x000001ebd2d3a320 JavaThread "Monitor Deflation Thread" daemon [_thread_blocked, id=63284, stack(0x00000052a4000000,0x00000052a4100000)]
=>0x000001ebd2d40d70 JavaThread "C2 CompilerThread0" daemon [_thread_in_native, id=63248, stack(0x00000052a4100000,0x00000052a4200000)]
  0x000001ebd2d42760 JavaThread "C1 CompilerThread0" daemon [_thread_blocked, id=63276, stack(0x00000052a4200000,0x00000052a4300000)]
  0x000001ebd2d4fca0 JavaThread "Sweeper thread" daemon [_thread_blocked, id=34764, stack(0x00000052a4300000,0x00000052a4400000)]
  0x000001ebd2ee0db0 JavaThread "Notification Thread" daemon [_thread_blocked, id=61640, stack(0x00000052a4600000,0x00000052a4700000)]
  0x000001ebd2ee84e0 JavaThread "Common-Cleaner" daemon [_thread_blocked, id=34476, stack(0x00000052a4800000,0x00000052a4900000)]
  0x000001ebd72c4ef0 JavaThread "Java2D Disposer" daemon [_thread_blocked, id=62744, stack(0x00000052a4900000,0x00000052a4a00000)]
  0x000001ebd72c57e0 JavaThread "AWT-Shutdown" [_thread_blocked, id=62728, stack(0x00000052a4a00000,0x00000052a4b00000)]
  0x000001ebd72c7cd0 JavaThread "AWT-Windows" daemon [_thread_in_native, id=62748, stack(0x00000052a4b00000,0x00000052a4c00000)]
  0x000001ebd76eecf0 JavaThread "TimerQueue" daemon [_thread_blocked, id=62272, stack(0x00000052a4e30000,0x00000052a4f30000)]
  0x000001ebd76ee7e0 JavaThread "AWT-EventQueue-0" [_thread_blocked, id=61676, stack(0x00000052a4f30000,0x00000052a5030000)]
  0x000001ebd76ef200 JavaThread "DestroyJavaVM" [_thread_blocked, id=63168, stack(0x00000052a3400000,0x00000052a3500000)]
  0x000001ebd76ef710 JavaThread "D3D Screen Updater" daemon [_thread_blocked, id=62240, stack(0x00000052a5030000,0x00000052a5130000)]

Other Threads:
  0x000001ebd2cccdd0 VMThread "VM Thread" [stack: 0x00000052a3a00000,0x00000052a3b00000] [id=61760]
  0x000001ebd2ee1290 WatcherThread [stack: 0x00000052a4700000,0x00000052a4800000] [id=63416]
  0x000001eba933bcf0 GCTaskThread "GC Thread#0" [stack: 0x00000052a3500000,0x00000052a3600000] [id=56308]
  0x000001ebcf6c09c0 ConcurrentGCThread "G1 Main Marker" [stack: 0x00000052a3600000,0x00000052a3700000] [id=61612]
  0x000001eba933cf20 ConcurrentGCThread "G1 Conc#0" [stack: 0x00000052a3700000,0x00000052a3800000] [id=63120]
  0x000001ebcf7fef70 ConcurrentGCThread "G1 Refine#0" [stack: 0x00000052a3800000,0x00000052a3900000] [id=63152]
  0x000001ebcf7ff9a0 ConcurrentGCThread "G1 Service" [stack: 0x00000052a3900000,0x00000052a3a00000] [id=63156]

Threads with active compile tasks:
C2 CompilerThread0    42681 1417   !   4       javax.swing.RepaintManager::addDirtyRegion0 (205 bytes)

VM state: not at safepoint (normal execution)

VM Mutex/Monitor currently owned by a thread: None

Heap address: 0x0000000602c00000, size: 8148 MB, Compressed Oops mode: Zero based, Oop shift amount: 3

CDS archive(s) not mapped
Compressed class space mapped at: 0x0000000800000000-0x0000000840000000, reserved size: 1073741824
Narrow klass base: 0x0000000800000000, Narrow klass shift: 0, Narrow klass range: 0x40000000

GC Precious Log:
 CPUs: 24 total, 24 available
 Memory: 32581M
 Large Page Support: Disabled
 NUMA Support: Disabled
 Compressed Oops: Enabled (Zero based)
 Heap Region Size: 4M
 Heap Min Capacity: 8M
 Heap Initial Capacity: 512M
 Heap Max Capacity: 8148M
 Pre-touch: Disabled
 Parallel Workers: 18
 Concurrent Workers: 5
 Concurrent Refinement Workers: 18
 Periodic GC: Disabled

Heap:
 garbage-first heap   total 524288K, used 12288K [0x0000000602c00000, 0x0000000800000000)
  region size 4096K, 4 young (16384K), 0 survivors (0K)
 Metaspace       used 12972K, committed 13184K, reserved 1114112K
  class space    used 1239K, committed 1344K, reserved 1048576K

Heap Regions: E=young(eden), S=young(survivor), O=old, HS=humongous(starts), HC=humongous(continues), CS=collection set, F=free, OA=open archive, CA=closed archive, TAMS=top-at-mark-start (previous, next)
|   0|0x0000000602c00000, 0x0000000602c00000, 0x0000000603000000|  0%| F|  |TAMS 0x0000000602c00000, 0x0000000602c00000| Untracked 
|   1|0x0000000603000000, 0x0000000603000000, 0x0000000603400000|  0%| F|  |TAMS 0x0000000603000000, 0x0000000603000000| Untracked 
|   2|0x0000000603400000, 0x0000000603400000, 0x0000000603800000|  0%| F|  |TAMS 0x0000000603400000, 0x0000000603400000| Untracked 
|   3|0x0000000603800000, 0x0000000603800000, 0x0000000603c00000|  0%| F|  |TAMS 0x0000000603800000, 0x0000000603800000| Untracked 
|   4|0x0000000603c00000, 0x0000000603c00000, 0x0000000604000000|  0%| F|  |TAMS 0x0000000603c00000, 0x0000000603c00000| Untracked 
|   5|0x0000000604000000, 0x0000000604000000, 0x0000000604400000|  0%| F|  |TAMS 0x0000000604000000, 0x0000000604000000| Untracked 
|   6|0x0000000604400000, 0x0000000604400000, 0x0000000604800000|  0%| F|  |TAMS 0x0000000604400000, 0x0000000604400000| Untracked 
|   7|0x0000000604800000, 0x0000000604800000, 0x0000000604c00000|  0%| F|  |TAMS 0x0000000604800000, 0x0000000604800000| Untracked 
|   8|0x0000000604c00000, 0x0000000604c00000, 0x0000000605000000|  0%| F|  |TAMS 0x0000000604c00000, 0x0000000604c00000| Untracked 
|   9|0x0000000605000000, 0x0000000605000000, 0x0000000605400000|  0%| F|  |TAMS 0x0000000605000000, 0x0000000605000000| Untracked 
|  10|0x0000000605400000, 0x0000000605400000, 0x0000000605800000|  0%| F|  |TAMS 0x0000000605400000, 0x0000000605400000| Untracked 
|  11|0x0000000605800000, 0x0000000605800000, 0x0000000605c00000|  0%| F|  |TAMS 0x0000000605800000, 0x0000000605800000| Untracked 
|  12|0x0000000605c00000, 0x0000000605c00000, 0x0000000606000000|  0%| F|  |TAMS 0x0000000605c00000, 0x0000000605c00000| Untracked 
|  13|0x0000000606000000, 0x0000000606000000, 0x0000000606400000|  0%| F|  |TAMS 0x0000000606000000, 0x0000000606000000| Untracked 
|  14|0x0000000606400000, 0x0000000606400000, 0x0000000606800000|  0%| F|  |TAMS 0x0000000606400000, 0x0000000606400000| Untracked 
|  15|0x0000000606800000, 0x0000000606800000, 0x0000000606c00000|  0%| F|  |TAMS 0x0000000606800000, 0x0000000606800000| Untracked 
|  16|0x0000000606c00000, 0x0000000606c00000, 0x0000000607000000|  0%| F|  |TAMS 0x0000000606c00000, 0x0000000606c00000| Untracked 
|  17|0x0000000607000000, 0x0000000607000000, 0x0000000607400000|  0%| F|  |TAMS 0x0000000607000000, 0x0000000607000000| Untracked 
|  18|0x0000000607400000, 0x0000000607400000, 0x0000000607800000|  0%| F|  |TAMS 0x0000000607400000, 0x0000000607400000| Untracked 
|  19|0x0000000607800000, 0x0000000607800000, 0x0000000607c00000|  0%| F|  |TAMS 0x0000000607800000, 0x0000000607800000| Untracked 
|  20|0x0000000607c00000, 0x0000000607c00000, 0x0000000608000000|  0%| F|  |TAMS 0x0000000607c00000, 0x0000000607c00000| Untracked 
|  21|0x0000000608000000, 0x0000000608000000, 0x0000000608400000|  0%| F|  |TAMS 0x0000000608000000, 0x0000000608000000| Untracked 
|  22|0x0000000608400000, 0x0000000608400000, 0x0000000608800000|  0%| F|  |TAMS 0x0000000608400000, 0x0000000608400000| Untracked 
|  23|0x0000000608800000, 0x0000000608800000, 0x0000000608c00000|  0%| F|  |TAMS 0x0000000608800000, 0x0000000608800000| Untracked 
|  24|0x0000000608c00000, 0x0000000608c00000, 0x0000000609000000|  0%| F|  |TAMS 0x0000000608c00000, 0x0000000608c00000| Untracked 
|  25|0x0000000609000000, 0x0000000609000000, 0x0000000609400000|  0%| F|  |TAMS 0x0000000609000000, 0x0000000609000000| Untracked 
|  26|0x0000000609400000, 0x0000000609400000, 0x0000000609800000|  0%| F|  |TAMS 0x0000000609400000, 0x0000000609400000| Untracked 
|  27|0x0000000609800000, 0x0000000609800000, 0x0000000609c00000|  0%| F|  |TAMS 0x0000000609800000, 0x0000000609800000| Untracked 
|  28|0x0000000609c00000, 0x0000000609c00000, 0x000000060a000000|  0%| F|  |TAMS 0x0000000609c00000, 0x0000000609c00000| Untracked 
|  29|0x000000060a000000, 0x000000060a000000, 0x000000060a400000|  0%| F|  |TAMS 0x000000060a000000, 0x000000060a000000| Untracked 
|  30|0x000000060a400000, 0x000000060a400000, 0x000000060a800000|  0%| F|  |TAMS 0x000000060a400000, 0x000000060a400000| Untracked 
|  31|0x000000060a800000, 0x000000060a800000, 0x000000060ac00000|  0%| F|  |TAMS 0x000000060a800000, 0x000000060a800000| Untracked 
|  32|0x000000060ac00000, 0x000000060ac00000, 0x000000060b000000|  0%| F|  |TAMS 0x000000060ac00000, 0x000000060ac00000| Untracked 
|  33|0x000000060b000000, 0x000000060b000000, 0x000000060b400000|  0%| F|  |TAMS 0x000000060b000000, 0x000000060b000000| Untracked 
|  34|0x000000060b400000, 0x000000060b400000, 0x000000060b800000|  0%| F|  |TAMS 0x000000060b400000, 0x000000060b400000| Untracked 
|  35|0x000000060b800000, 0x000000060b800000, 0x000000060bc00000|  0%| F|  |TAMS 0x000000060b800000, 0x000000060b800000| Untracked 
|  36|0x000000060bc00000, 0x000000060bc00000, 0x000000060c000000|  0%| F|  |TAMS 0x000000060bc00000, 0x000000060bc00000| Untracked 
|  37|0x000000060c000000, 0x000000060c000000, 0x000000060c400000|  0%| F|  |TAMS 0x000000060c000000, 0x000000060c000000| Untracked 
|  38|0x000000060c400000, 0x000000060c400000, 0x000000060c800000|  0%| F|  |TAMS 0x000000060c400000, 0x000000060c400000| Untracked 
|  39|0x000000060c800000, 0x000000060c800000, 0x000000060cc00000|  0%| F|  |TAMS 0x000000060c800000, 0x000000060c800000| Untracked 
|  40|0x000000060cc00000, 0x000000060cc00000, 0x000000060d000000|  0%| F|  |TAMS 0x000000060cc00000, 0x000000060cc00000| Untracked 
|  41|0x000000060d000000, 0x000000060d000000, 0x000000060d400000|  0%| F|  |TAMS 0x000000060d000000, 0x000000060d000000| Untracked 
|  42|0x000000060d400000, 0x000000060d400000, 0x000000060d800000|  0%| F|  |TAMS 0x000000060d400000, 0x000000060d400000| Untracked 
|  43|0x000000060d800000, 0x000000060d800000, 0x000000060dc00000|  0%| F|  |TAMS 0x000000060d800000, 0x000000060d800000| Untracked 
|  44|0x000000060dc00000, 0x000000060dc00000, 0x000000060e000000|  0%| F|  |TAMS 0x000000060dc00000, 0x000000060dc00000| Untracked 
|  45|0x000000060e000000, 0x000000060e000000, 0x000000060e400000|  0%| F|  |TAMS 0x000000060e000000, 0x000000060e000000| Untracked 
|  46|0x000000060e400000, 0x000000060e400000, 0x000000060e800000|  0%| F|  |TAMS 0x000000060e400000, 0x000000060e400000| Untracked 
|  47|0x000000060e800000, 0x000000060e800000, 0x000000060ec00000|  0%| F|  |TAMS 0x000000060e800000, 0x000000060e800000| Untracked 
|  48|0x000000060ec00000, 0x000000060ec00000, 0x000000060f000000|  0%| F|  |TAMS 0x000000060ec00000, 0x000000060ec00000| Untracked 
|  49|0x000000060f000000, 0x000000060f000000, 0x000000060f400000|  0%| F|  |TAMS 0x000000060f000000, 0x000000060f000000| Untracked 
|  50|0x000000060f400000, 0x000000060f400000, 0x000000060f800000|  0%| F|  |TAMS 0x000000060f400000, 0x000000060f400000| Untracked 
|  51|0x000000060f800000, 0x000000060f800000, 0x000000060fc00000|  0%| F|  |TAMS 0x000000060f800000, 0x000000060f800000| Untracked 
|  52|0x000000060fc00000, 0x000000060fc00000, 0x0000000610000000|  0%| F|  |TAMS 0x000000060fc00000, 0x000000060fc00000| Untracked 
|  53|0x0000000610000000, 0x0000000610000000, 0x0000000610400000|  0%| F|  |TAMS 0x0000000610000000, 0x0000000610000000| Untracked 
|  54|0x0000000610400000, 0x0000000610400000, 0x0000000610800000|  0%| F|  |TAMS 0x0000000610400000, 0x0000000610400000| Untracked 
|  55|0x0000000610800000, 0x0000000610800000, 0x0000000610c00000|  0%| F|  |TAMS 0x0000000610800000, 0x0000000610800000| Untracked 
|  56|0x0000000610c00000, 0x0000000610c00000, 0x0000000611000000|  0%| F|  |TAMS 0x0000000610c00000, 0x0000000610c00000| Untracked 
|  57|0x0000000611000000, 0x0000000611000000, 0x0000000611400000|  0%| F|  |TAMS 0x0000000611000000, 0x0000000611000000| Untracked 
|  58|0x0000000611400000, 0x0000000611400000, 0x0000000611800000|  0%| F|  |TAMS 0x0000000611400000, 0x0000000611400000| Untracked 
|  59|0x0000000611800000, 0x0000000611800000, 0x0000000611c00000|  0%| F|  |TAMS 0x0000000611800000, 0x0000000611800000| Untracked 
|  60|0x0000000611c00000, 0x0000000611c00000, 0x0000000612000000|  0%| F|  |TAMS 0x0000000611c00000, 0x0000000611c00000| Untracked 
|  61|0x0000000612000000, 0x0000000612000000, 0x0000000612400000|  0%| F|  |TAMS 0x0000000612000000, 0x0000000612000000| Untracked 
|  62|0x0000000612400000, 0x0000000612400000, 0x0000000612800000|  0%| F|  |TAMS 0x0000000612400000, 0x0000000612400000| Untracked 
|  63|0x0000000612800000, 0x0000000612800000, 0x0000000612c00000|  0%| F|  |TAMS 0x0000000612800000, 0x0000000612800000| Untracked 
|  64|0x0000000612c00000, 0x0000000612c00000, 0x0000000613000000|  0%| F|  |TAMS 0x0000000612c00000, 0x0000000612c00000| Untracked 
|  65|0x0000000613000000, 0x0000000613000000, 0x0000000613400000|  0%| F|  |TAMS 0x0000000613000000, 0x0000000613000000| Untracked 
|  66|0x0000000613400000, 0x0000000613400000, 0x0000000613800000|  0%| F|  |TAMS 0x0000000613400000, 0x0000000613400000| Untracked 
|  67|0x0000000613800000, 0x0000000613800000, 0x0000000613c00000|  0%| F|  |TAMS 0x0000000613800000, 0x0000000613800000| Untracked 
|  68|0x0000000613c00000, 0x0000000613c00000, 0x0000000614000000|  0%| F|  |TAMS 0x0000000613c00000, 0x0000000613c00000| Untracked 
|  69|0x0000000614000000, 0x0000000614000000, 0x0000000614400000|  0%| F|  |TAMS 0x0000000614000000, 0x0000000614000000| Untracked 
|  70|0x0000000614400000, 0x0000000614400000, 0x0000000614800000|  0%| F|  |TAMS 0x0000000614400000, 0x0000000614400000| Untracked 
|  71|0x0000000614800000, 0x0000000614800000, 0x0000000614c00000|  0%| F|  |TAMS 0x0000000614800000, 0x0000000614800000| Untracked 
|  72|0x0000000614c00000, 0x0000000614c00000, 0x0000000615000000|  0%| F|  |TAMS 0x0000000614c00000, 0x0000000614c00000| Untracked 
|  73|0x0000000615000000, 0x0000000615000000, 0x0000000615400000|  0%| F|  |TAMS 0x0000000615000000, 0x0000000615000000| Untracked 
|  74|0x0000000615400000, 0x0000000615400000, 0x0000000615800000|  0%| F|  |TAMS 0x0000000615400000, 0x0000000615400000| Untracked 
|  75|0x0000000615800000, 0x0000000615800000, 0x0000000615c00000|  0%| F|  |TAMS 0x0000000615800000, 0x0000000615800000| Untracked 
|  76|0x0000000615c00000, 0x0000000615c00000, 0x0000000616000000|  0%| F|  |TAMS 0x0000000615c00000, 0x0000000615c00000| Untracked 
|  77|0x0000000616000000, 0x0000000616000000, 0x0000000616400000|  0%| F|  |TAMS 0x0000000616000000, 0x0000000616000000| Untracked 
|  78|0x0000000616400000, 0x0000000616400000, 0x0000000616800000|  0%| F|  |TAMS 0x0000000616400000, 0x0000000616400000| Untracked 
|  79|0x0000000616800000, 0x0000000616800000, 0x0000000616c00000|  0%| F|  |TAMS 0x0000000616800000, 0x0000000616800000| Untracked 
|  80|0x0000000616c00000, 0x0000000616c00000, 0x0000000617000000|  0%| F|  |TAMS 0x0000000616c00000, 0x0000000616c00000| Untracked 
|  81|0x0000000617000000, 0x0000000617000000, 0x0000000617400000|  0%| F|  |TAMS 0x0000000617000000, 0x0000000617000000| Untracked 
|  82|0x0000000617400000, 0x0000000617400000, 0x0000000617800000|  0%| F|  |TAMS 0x0000000617400000, 0x0000000617400000| Untracked 
|  83|0x0000000617800000, 0x0000000617800000, 0x0000000617c00000|  0%| F|  |TAMS 0x0000000617800000, 0x0000000617800000| Untracked 
|  84|0x0000000617c00000, 0x0000000617c00000, 0x0000000618000000|  0%| F|  |TAMS 0x0000000617c00000, 0x0000000617c00000| Untracked 
|  85|0x0000000618000000, 0x0000000618000000, 0x0000000618400000|  0%| F|  |TAMS 0x0000000618000000, 0x0000000618000000| Untracked 
|  86|0x0000000618400000, 0x0000000618400000, 0x0000000618800000|  0%| F|  |TAMS 0x0000000618400000, 0x0000000618400000| Untracked 
|  87|0x0000000618800000, 0x0000000618800000, 0x0000000618c00000|  0%| F|  |TAMS 0x0000000618800000, 0x0000000618800000| Untracked 
|  88|0x0000000618c00000, 0x0000000618c00000, 0x0000000619000000|  0%| F|  |TAMS 0x0000000618c00000, 0x0000000618c00000| Untracked 
|  89|0x0000000619000000, 0x0000000619000000, 0x0000000619400000|  0%| F|  |TAMS 0x0000000619000000, 0x0000000619000000| Untracked 
|  90|0x0000000619400000, 0x0000000619400000, 0x0000000619800000|  0%| F|  |TAMS 0x0000000619400000, 0x0000000619400000| Untracked 
|  91|0x0000000619800000, 0x0000000619800000, 0x0000000619c00000|  0%| F|  |TAMS 0x0000000619800000, 0x0000000619800000| Untracked 
|  92|0x0000000619c00000, 0x0000000619c00000, 0x000000061a000000|  0%| F|  |TAMS 0x0000000619c00000, 0x0000000619c00000| Untracked 
|  93|0x000000061a000000, 0x000000061a000000, 0x000000061a400000|  0%| F|  |TAMS 0x000000061a000000, 0x000000061a000000| Untracked 
|  94|0x000000061a400000, 0x000000061a400000, 0x000000061a800000|  0%| F|  |TAMS 0x000000061a400000, 0x000000061a400000| Untracked 
|  95|0x000000061a800000, 0x000000061a800000, 0x000000061ac00000|  0%| F|  |TAMS 0x000000061a800000, 0x000000061a800000| Untracked 
|  96|0x000000061ac00000, 0x000000061ac00000, 0x000000061b000000|  0%| F|  |TAMS 0x000000061ac00000, 0x000000061ac00000| Untracked 
|  97|0x000000061b000000, 0x000000061b000000, 0x000000061b400000|  0%| F|  |TAMS 0x000000061b000000, 0x000000061b000000| Untracked 
|  98|0x000000061b400000, 0x000000061b400000, 0x000000061b800000|  0%| F|  |TAMS 0x000000061b400000, 0x000000061b400000| Untracked 
|  99|0x000000061b800000, 0x000000061b800000, 0x000000061bc00000|  0%| F|  |TAMS 0x000000061b800000, 0x000000061b800000| Untracked 
| 100|0x000000061bc00000, 0x000000061bc00000, 0x000000061c000000|  0%| F|  |TAMS 0x000000061bc00000, 0x000000061bc00000| Untracked 
| 101|0x000000061c000000, 0x000000061c000000, 0x000000061c400000|  0%| F|  |TAMS 0x000000061c000000, 0x000000061c000000| Untracked 
| 102|0x000000061c400000, 0x000000061c400000, 0x000000061c800000|  0%| F|  |TAMS 0x000000061c400000, 0x000000061c400000| Untracked 
| 103|0x000000061c800000, 0x000000061c800000, 0x000000061cc00000|  0%| F|  |TAMS 0x000000061c800000, 0x000000061c800000| Untracked 
| 104|0x000000061cc00000, 0x000000061cc00000, 0x000000061d000000|  0%| F|  |TAMS 0x000000061cc00000, 0x000000061cc00000| Untracked 
| 105|0x000000061d000000, 0x000000061d000000, 0x000000061d400000|  0%| F|  |TAMS 0x000000061d000000, 0x000000061d000000| Untracked 
| 106|0x000000061d400000, 0x000000061d400000, 0x000000061d800000|  0%| F|  |TAMS 0x000000061d400000, 0x000000061d400000| Untracked 
| 107|0x000000061d800000, 0x000000061d800000, 0x000000061dc00000|  0%| F|  |TAMS 0x000000061d800000, 0x000000061d800000| Untracked 
| 108|0x000000061dc00000, 0x000000061dc00000, 0x000000061e000000|  0%| F|  |TAMS 0x000000061dc00000, 0x000000061dc00000| Untracked 
| 109|0x000000061e000000, 0x000000061e000000, 0x000000061e400000|  0%| F|  |TAMS 0x000000061e000000, 0x000000061e000000| Untracked 
| 110|0x000000061e400000, 0x000000061e400000, 0x000000061e800000|  0%| F|  |TAMS 0x000000061e400000, 0x000000061e400000| Untracked 
| 111|0x000000061e800000, 0x000000061e800000, 0x000000061ec00000|  0%| F|  |TAMS 0x000000061e800000, 0x000000061e800000| Untracked 
| 112|0x000000061ec00000, 0x000000061ec00000, 0x000000061f000000|  0%| F|  |TAMS 0x000000061ec00000, 0x000000061ec00000| Untracked 
| 113|0x000000061f000000, 0x000000061f000000, 0x000000061f400000|  0%| F|  |TAMS 0x000000061f000000, 0x000000061f000000| Untracked 
| 114|0x000000061f400000, 0x000000061f400000, 0x000000061f800000|  0%| F|  |TAMS 0x000000061f400000, 0x000000061f400000| Untracked 
| 115|0x000000061f800000, 0x000000061f800000, 0x000000061fc00000|  0%| F|  |TAMS 0x000000061f800000, 0x000000061f800000| Untracked 
| 116|0x000000061fc00000, 0x000000061fc00000, 0x0000000620000000|  0%| F|  |TAMS 0x000000061fc00000, 0x000000061fc00000| Untracked 
| 117|0x0000000620000000, 0x0000000620000000, 0x0000000620400000|  0%| F|  |TAMS 0x0000000620000000, 0x0000000620000000| Untracked 
| 118|0x0000000620400000, 0x0000000620400000, 0x0000000620800000|  0%| F|  |TAMS 0x0000000620400000, 0x0000000620400000| Untracked 
| 119|0x0000000620800000, 0x0000000620800000, 0x0000000620c00000|  0%| F|  |TAMS 0x0000000620800000, 0x0000000620800000| Untracked 
| 120|0x0000000620c00000, 0x0000000620c00000, 0x0000000621000000|  0%| F|  |TAMS 0x0000000620c00000, 0x0000000620c00000| Untracked 
| 121|0x0000000621000000, 0x0000000621000000, 0x0000000621400000|  0%| F|  |TAMS 0x0000000621000000, 0x0000000621000000| Untracked 
| 122|0x0000000621400000, 0x0000000621400000, 0x0000000621800000|  0%| F|  |TAMS 0x0000000621400000, 0x0000000621400000| Untracked 
| 123|0x0000000621800000, 0x0000000621800000, 0x0000000621c00000|  0%| F|  |TAMS 0x0000000621800000, 0x0000000621800000| Untracked 
| 124|0x0000000621c00000, 0x0000000621f5cb58, 0x0000000622000000| 84%| E|  |TAMS 0x0000000621c00000, 0x0000000621c00000| Complete 
| 125|0x0000000622000000, 0x0000000622400000, 0x0000000622400000|100%| E|CS|TAMS 0x0000000622000000, 0x0000000622000000| Complete 
| 126|0x0000000622400000, 0x0000000622800000, 0x0000000622800000|100%| E|CS|TAMS 0x0000000622400000, 0x0000000622400000| Complete 
| 127|0x0000000622800000, 0x0000000622c00000, 0x0000000622c00000|100%| E|CS|TAMS 0x0000000622800000, 0x0000000622800000| Complete 

Card table byte_map: [0x000001ebbd720000,0x000001ebbe710000] _byte_map_base: 0x000001ebba70a000

Marking Bits (Prev, Next): (CMBitMap*) 0x000001eba933c310, (CMBitMap*) 0x000001eba933c350
 Prev Bits: [0x000001ebbf700000, 0x000001ebc7650000)
 Next Bits: [0x000001ebc7650000, 0x000001ebcf5a0000)

Polling page: 0x000001eba8a40000

Metaspace:

Usage:
  Non-class:     11.46 MB used.
      Class:      1.21 MB used.
       Both:     12.67 MB used.

Virtual space:
  Non-class space:       64.00 MB reserved,      11.56 MB ( 18%) committed,  1 nodes.
      Class space:        1.00 GB reserved,       1.31 MB ( <1%) committed,  1 nodes.
             Both:        1.06 GB reserved,      12.88 MB (  1%) committed. 

Chunk freelists:
   Non-Class:  4.47 MB
       Class:  14.74 MB
        Both:  19.21 MB

MaxMetaspaceSize: unlimited
CompressedClassSpaceSize: 1.00 GB
Initial GC threshold: 21.00 MB
Current GC threshold: 21.00 MB
CDS: off
MetaspaceReclaimPolicy: balanced
 - commit_granule_bytes: 65536.
 - commit_granule_words: 8192.
 - virtual_space_node_default_size: 8388608.
 - enlarge_chunks_in_place: 1.
 - new_chunks_are_fully_committed: 0.
 - uncommit_free_chunks: 1.
 - use_allocation_guard: 0.
 - handle_deallocations: 1.


Internal statistics:

num_allocs_failed_limit: 0.
num_arena_births: 106.
num_arena_deaths: 0.
num_vsnodes_births: 2.
num_vsnodes_deaths: 0.
num_space_committed: 206.
num_space_uncommitted: 0.
num_chunks_returned_to_freelist: 0.
num_chunks_taken_from_freelist: 169.
num_chunk_merges: 0.
num_chunk_splits: 90.
num_chunks_enlarged: 40.
num_inconsistent_stats: 0.

CodeHeap 'non-profiled nmethods': size=119168Kb used=512Kb max_used=512Kb free=118655Kb
 bounds [0x000001ebb44f0000, 0x000001ebb4760000, 0x000001ebbb950000]
CodeHeap 'profiled nmethods': size=119104Kb used=2657Kb max_used=2657Kb free=116446Kb
 bounds [0x000001ebac950000, 0x000001ebacbf0000, 0x000001ebb3da0000]
CodeHeap 'non-nmethods': size=7488Kb used=1230Kb max_used=2934Kb free=6257Kb
 bounds [0x000001ebb3da0000, 0x000001ebb4090000, 0x000001ebb44f0000]
 total_blobs=1958 nmethods=1415 adapters=456
 compilation: enabled
              stopped_count=0, restarted_count=0
 full_count=0

Compilation events (20 events):
Event: 33.930 Thread 0x000001ebd2d40d70 nmethod 1406 0x000001ebb4563190 code [0x000001ebb4563560, 0x000001ebb4566d28]
Event: 35.012 Thread 0x000001ebd2d40d70 1407       4       java.util.concurrent.locks.LockSupport::setCurrentBlocker (14 bytes)
Event: 35.015 Thread 0x000001ebd2d40d70 nmethod 1407 0x000001ebb4568f90 code [0x000001ebb4569100, 0x000001ebb4569218]
Event: 35.028 Thread 0x000001ebd2d42760 1408   !   3       java.awt.EventDispatchThread::pumpOneEventForFilters (113 bytes)
Event: 35.030 Thread 0x000001ebd2d42760 nmethod 1408 0x000001ebacbe5e90 code [0x000001ebacbe6100, 0x000001ebacbe6ae8]
Event: 35.044 Thread 0x000001ebd2d42760 1409   !   3       java.awt.EventDispatchThread::filterAndCheckEvent (108 bytes)
Event: 35.046 Thread 0x000001ebd2d42760 nmethod 1409 0x000001ebacbe7190 code [0x000001ebacbe73e0, 0x000001ebacbe80f8]
Event: 35.486 Thread 0x000001ebd2d40d70 1410       4       com.sun.java.swing.SwingUtilities3::getDelegateRepaintManager (73 bytes)
Event: 35.490 Thread 0x000001ebd2d40d70 nmethod 1410 0x000001ebb4569290 code [0x000001ebb4569440, 0x000001ebb45697c8]
Event: 35.517 Thread 0x000001ebd2d40d70 1411       4       java.util.concurrent.locks.AbstractQueuedSynchronizer$ConditionObject::unlinkCancelledWaiters (91 bytes)
Event: 35.522 Thread 0x000001ebd2d40d70 nmethod 1411 0x000001ebb4569a90 code [0x000001ebb4569c20, 0x000001ebb4569ed8]
Event: 35.522 Thread 0x000001ebd2d40d70 1412       4       java.util.concurrent.locks.AbstractQueuedSynchronizer$ConditionObject::awaitNanos (200 bytes)
Event: 35.528 Thread 0x000001ebd2d40d70 nmethod 1412 0x000001ebb456a010 code [0x000001ebb456a200, 0x000001ebb456ae48]
Event: 38.228 Thread 0x000001ebd2d40d70 1413       4       java.awt.event.InvocationEvent::<init> (52 bytes)
Event: 38.234 Thread 0x000001ebd2d40d70 nmethod 1413 0x000001ebb456b690 code [0x000001ebb456b860, 0x000001ebb456c3f0]
Event: 38.243 Thread 0x000001ebd2d40d70 1414       4       java.awt.event.InvocationEvent::<init> (13 bytes)
Event: 38.243 Thread 0x000001ebd2d40d70 nmethod 1414 0x000001ebb456c990 code [0x000001ebb456cb20, 0x000001ebb456cbc8]
Event: 38.558 Thread 0x000001ebd2d40d70 1415       4       java.awt.EventQueue::postEvent (172 bytes)
Event: 38.579 Thread 0x000001ebd2d40d70 nmethod 1415 0x000001ebb456cc90 code [0x000001ebb456cf20, 0x000001ebb456f230]
Event: 42.651 Thread 0x000001ebd2d40d70 1417   !   4       javax.swing.RepaintManager::addDirtyRegion0 (205 bytes)

GC Heap History (0 events):
No events

Dll operation events (5 events):
Event: 0.004 Loaded shared library C:\Users\minec\.p2\pool\plugins\org.eclipse.justj.openjdk.hotspot.jre.full.win32.x86_64_17.0.10.v20240120-1143\jre\bin\java.dll
Event: 0.303 Loaded shared library C:\Users\minec\.p2\pool\plugins\org.eclipse.justj.openjdk.hotspot.jre.full.win32.x86_64_17.0.10.v20240120-1143\jre\bin\jimage.dll
Event: 0.364 Loaded shared library C:\Users\minec\.p2\pool\plugins\org.eclipse.justj.openjdk.hotspot.jre.full.win32.x86_64_17.0.10.v20240120-1143\jre\bin\awt.dll
Event: 0.559 Loaded shared library C:\Users\minec\.p2\pool\plugins\org.eclipse.justj.openjdk.hotspot.jre.full.win32.x86_64_17.0.10.v20240120-1143\jre\bin\freetype.dll
Event: 0.560 Loaded shared library C:\Users\minec\.p2\pool\plugins\org.eclipse.justj.openjdk.hotspot.jre.full.win32.x86_64_17.0.10.v20240120-1143\jre\bin\fontmanager.dll

Deoptimization events (20 events):
Event: 13.011 Thread 0x000001ebd76ee7e0 Uncommon trap: trap_request=0xffffff45 fr.pc=0x000001ebb4535020 relative=0x0000000000000240
Event: 13.011 Thread 0x000001ebd76ee7e0 Uncommon trap: reason=unstable_if action=reinterpret pc=0x000001ebb4535020 method=java.security.AccessController.getContext()Ljava/security/AccessControlContext; @ 5 c2
Event: 13.011 Thread 0x000001ebd76ee7e0 DEOPT PACKING pc=0x000001ebb4535020 sp=0x00000052a502e460
Event: 13.011 Thread 0x000001ebd76ee7e0 DEOPT UNPACKING pc=0x000001ebb3df69a3 sp=0x00000052a502e408 mode 2
Event: 13.019 Thread 0x000001ebd76eecf0 Uncommon trap: trap_request=0xffffff45 fr.pc=0x000001ebb453e508 relative=0x00000000000039a8
Event: 13.019 Thread 0x000001ebd76eecf0 Uncommon trap: reason=unstable_if action=reinterpret pc=0x000001ebb453e508 method=java.awt.EventQueue.getPriority(Ljava/awt/AWTEvent;)I @ 4 c2
Event: 13.019 Thread 0x000001ebd76eecf0 DEOPT PACKING pc=0x000001ebb453e508 sp=0x00000052a4f2f3b0
Event: 13.019 Thread 0x000001ebd76eecf0 DEOPT UNPACKING pc=0x000001ebb3df69a3 sp=0x00000052a4f2f298 mode 2
Event: 13.019 Thread 0x000001ebd76eecf0 Uncommon trap: trap_request=0xffffff45 fr.pc=0x000001ebb4545f28 relative=0x0000000000000088
Event: 13.019 Thread 0x000001ebd76eecf0 Uncommon trap: reason=unstable_if action=reinterpret pc=0x000001ebb4545f28 method=java.awt.EventQueue.eventToCacheIndex(Ljava/awt/AWTEvent;)I @ 71 c2
Event: 13.019 Thread 0x000001ebd76eecf0 DEOPT PACKING pc=0x000001ebb4545f28 sp=0x00000052a4f2f1d0
Event: 13.019 Thread 0x000001ebd76eecf0 DEOPT UNPACKING pc=0x000001ebb3df69a3 sp=0x00000052a4f2f168 mode 2
Event: 33.910 Thread 0x000001ebd76ee7e0 Uncommon trap: trap_request=0xffffff6e fr.pc=0x000001ebb4562e10 relative=0x00000000000002f0
Event: 33.910 Thread 0x000001ebd76ee7e0 Uncommon trap: reason=loop_limit_check action=maybe_recompile pc=0x000001ebb4562e10 method=java.awt.EventDispatchThread.filterAndCheckEvent(Ljava/awt/AWTEvent;)Z @ 22 c2
Event: 33.910 Thread 0x000001ebd76ee7e0 DEOPT PACKING pc=0x000001ebb4562e10 sp=0x00000052a502f260
Event: 33.910 Thread 0x000001ebd76ee7e0 DEOPT UNPACKING pc=0x000001ebb3df69a3 sp=0x00000052a502f1f0 mode 2
Event: 33.955 Thread 0x000001ebd76ee7e0 Uncommon trap: trap_request=0xffffff6e fr.pc=0x000001ebb4565b58 relative=0x00000000000025f8
Event: 33.955 Thread 0x000001ebd76ee7e0 Uncommon trap: reason=loop_limit_check action=maybe_recompile pc=0x000001ebb4565b58 method=java.awt.EventDispatchThread.filterAndCheckEvent(Ljava/awt/AWTEvent;)Z @ 22 c2
Event: 33.955 Thread 0x000001ebd76ee7e0 DEOPT PACKING pc=0x000001ebb4565b58 sp=0x00000052a502f290
Event: 33.955 Thread 0x000001ebd76ee7e0 DEOPT UNPACKING pc=0x000001ebb3df69a3 sp=0x00000052a502f210 mode 2

Classes unloaded (0 events):
No events

Classes redefined (0 events):
No events

Internal exceptions (13 events):
Event: 0.359 Thread 0x000001eba9287c20 Exception <a 'java/lang/ClassNotFoundException'{0x00000006229b1bf8}: sun/awt/resources/spi/awtProvider> (0x00000006229b1bf8) 
thrown [s\src\hotspot\share\classfile\systemDictionary.cpp, line 256]
Event: 0.372 Thread 0x000001eba9287c20 Exception <a 'java/io/FileNotFoundException'{0x0000000622b01578}> (0x0000000622b01578) 
thrown [s\src\hotspot\share\prims\jni.cpp, line 516]
Event: 0.375 Thread 0x000001eba9287c20 Exception <a 'java/io/FileNotFoundException'{0x0000000622b2e558}> (0x0000000622b2e558) 
thrown [s\src\hotspot\share\prims\jni.cpp, line 516]
Event: 0.398 Thread 0x000001eba9287c20 Exception <a 'java/lang/NoSuchMethodError'{0x0000000622b7f930}: 'java.lang.Object java.lang.invoke.DirectMethodHandle$Holder.invokeStaticInit(java.lang.Object)'> (0x0000000622b7f930) 
thrown [s\src\hotspot\share\interpreter\linkResolver.cpp, line 759]
Event: 0.510 Thread 0x000001eba9287c20 Exception <a 'java/lang/NoSuchMethodError'{0x0000000622bcd298}: 'void java.lang.invoke.DirectMethodHandle$Holder.invokeSpecial(java.lang.Object, java.lang.Object, java.lang.Object)'> (0x0000000622bcd298) 
thrown [s\src\hotspot\share\interpreter\linkResolver.cpp, line 759]
Event: 0.514 Thread 0x000001eba9287c20 Exception <a 'java/lang/NoSuchMethodError'{0x0000000622420848}: 'java.lang.Object java.lang.invoke.DirectMethodHandle$Holder.newInvokeSpecial(java.lang.Object, java.lang.Object, java.lang.Object, java.lang.Object, java.lang.Object)'> (0x0000000622420848) 
thrown [s\src\hotspot\share\interpreter\linkResolver.cpp, line 759]
Event: 0.515 Thread 0x000001eba9287c20 Exception <a 'java/lang/NoSuchMethodError'{0x000000062242c210}: 'java.lang.Object java.lang.invoke.DirectMethodHandle$Holder.invokeStatic(java.lang.Object, int, java.lang.Object, java.lang.Object, java.lang.Object, java.lang.Object)'> (0x000000062242c210) 
thrown [s\src\hotspot\share\interpreter\linkResolver.cpp, line 759]
Event: 0.517 Thread 0x000001eba9287c20 Exception <a 'java/lang/NoSuchMethodError'{0x00000006224519d0}: 'java.lang.Object java.lang.invoke.DirectMethodHandle$Holder.invokeStatic(java.lang.Object, int, java.lang.Object)'> (0x00000006224519d0) 
thrown [s\src\hotspot\share\interpreter\linkResolver.cpp, line 759]
Event: 0.528 Thread 0x000001eba9287c20 Exception <a 'java/lang/ClassNotFoundException'{0x0000000622509aa0}: com/sun/swing/internal/plaf/metal/resources/spi/metalProvider> (0x0000000622509aa0) 
thrown [s\src\hotspot\share\classfile\systemDictionary.cpp, line 256]
Event: 0.528 Thread 0x000001eba9287c20 Exception <a 'java/lang/ClassNotFoundException'{0x000000062250d978}: com/sun/swing/internal/plaf/basic/resources/spi/basicProvider> (0x000000062250d978) 
thrown [s\src\hotspot\share\classfile\systemDictionary.cpp, line 256]
Event: 0.557 Thread 0x000001eba9287c20 Exception <a 'java/lang/NoSuchMethodError'{0x00000006226680a8}: 'void java.lang.invoke.DirectMethodHandle$Holder.invokeStaticInit(java.lang.Object)'> (0x00000006226680a8) 
thrown [s\src\hotspot\share\interpreter\linkResolver.cpp, line 759]
Event: 0.588 Thread 0x000001ebd72c7cd0 Exception <a 'java/lang/NoSuchMethodError'{0x0000000622be7318}: 'void java.lang.invoke.DirectMethodHandle$Holder.invokeVirtual(java.lang.Object, java.lang.Object)'> (0x0000000622be7318) 
thrown [s\src\hotspot\share\interpreter\linkResolver.cpp, line 759]
Event: 13.011 Thread 0x000001ebd76ee7e0 Implicit null exception at 0x000001ebb4534df8 to 0x000001ebb4535010

VM Operations (20 events):
Event: 7.648 Executing VM operation: Cleanup
Event: 7.648 Executing VM operation: Cleanup done
Event: 9.664 Executing VM operation: Cleanup
Event: 9.664 Executing VM operation: Cleanup done
Event: 10.678 Executing VM operation: Cleanup
Event: 10.678 Executing VM operation: Cleanup done
Event: 11.692 Executing VM operation: Cleanup
Event: 11.692 Executing VM operation: Cleanup done
Event: 12.706 Executing VM operation: Cleanup
Event: 12.706 Executing VM operation: Cleanup done
Event: 13.720 Executing VM operation: Cleanup
Event: 13.720 Executing VM operation: Cleanup done
Event: 15.746 Executing VM operation: Cleanup
Event: 15.746 Executing VM operation: Cleanup done
Event: 21.788 Executing VM operation: Cleanup
Event: 21.788 Executing VM operation: Cleanup done
Event: 33.863 Executing VM operation: Cleanup
Event: 33.863 Executing VM operation: Cleanup done
Event: 34.868 Executing VM operation: Cleanup
Event: 34.868 Executing VM operation: Cleanup done

Events (20 events):
Event: 6.420 loading class java/awt/event/MouseWheelEvent
Event: 6.420 loading class java/awt/event/MouseWheelEvent done
Event: 6.711 Thread 0x000001ebde982b20 Thread added: 0x000001ebde982b20
Event: 6.711 Thread 0x000001ebde9835c0 Thread added: 0x000001ebde9835c0
Event: 6.713 Thread 0x000001ebde984060 Thread added: 0x000001ebde984060
Event: 7.443 Thread 0x000001ebde984060 Thread exited: 0x000001ebde984060
Event: 7.618 Thread 0x000001ebde9835c0 Thread exited: 0x000001ebde9835c0
Event: 8.635 Thread 0x000001ebde982b20 Thread exited: 0x000001ebde982b20
Event: 8.806 Thread 0x000001ebde982b20 Thread added: 0x000001ebde982b20
Event: 8.806 Thread 0x000001ebde983070 Thread added: 0x000001ebde983070
Event: 8.806 Thread 0x000001ebde9835c0 Thread added: 0x000001ebde9835c0
Event: 9.601 Thread 0x000001ebde9835c0 Thread exited: 0x000001ebde9835c0
Event: 10.211 Thread 0x000001ebde983070 Thread exited: 0x000001ebde983070
Event: 10.631 Thread 0x000001ebde982b20 Thread exited: 0x000001ebde982b20
Event: 13.011 loading class java/awt/KeyboardFocusManager$2
Event: 13.011 loading class java/awt/KeyboardFocusManager$2 done
Event: 13.011 loading class sun/awt/SunToolkit$1
Event: 13.011 loading class sun/awt/SunToolkit$1 done
Event: 32.047 loading class java/security/DomainCombiner
Event: 32.047 loading class java/security/DomainCombiner done


Dynamic libraries:
0x00007ff714cb0000 - 0x00007ff714cbe000 	C:\Users\minec\.p2\pool\plugins\org.eclipse.justj.openjdk.hotspot.jre.full.win32.x86_64_17.0.10.v20240120-1143\jre\bin\javaw.exe
0x00007ff860010000 - 0x00007ff860227000 	C:\Windows\SYSTEM32\ntdll.dll
0x00007ff85dfa0000 - 0x00007ff85e064000 	C:\Windows\System32\KERNEL32.DLL
0x00007ff85d590000 - 0x00007ff85d937000 	C:\Windows\System32\KERNELBASE.dll
0x00007ff85dae0000 - 0x00007ff85dbf1000 	C:\Windows\System32\ucrtbase.dll
0x00007ff834380000 - 0x00007ff834397000 	C:\Users\minec\.p2\pool\plugins\org.eclipse.justj.openjdk.hotspot.jre.full.win32.x86_64_17.0.10.v20240120-1143\jre\bin\jli.dll
0x00007ff834360000 - 0x00007ff83437b000 	C:\Users\minec\.p2\pool\plugins\org.eclipse.justj.openjdk.hotspot.jre.full.win32.x86_64_17.0.10.v20240120-1143\jre\bin\VCRUNTIME140.dll
0x00007ff85f260000 - 0x00007ff85f40e000 	C:\Windows\System32\USER32.dll
0x00007ff85dc70000 - 0x00007ff85dc96000 	C:\Windows\System32\win32u.dll
0x00007ff85f150000 - 0x00007ff85f179000 	C:\Windows\System32\GDI32.dll
0x00007ff84c990000 - 0x00007ff84cc23000 	C:\Windows\WinSxS\amd64_microsoft.windows.common-controls_6595b64144ccf1df_6.0.22621.3527_none_270e469b73872a76\COMCTL32.dll
0x00007ff85d9c0000 - 0x00007ff85dad9000 	C:\Windows\System32\gdi32full.dll
0x00007ff85eb40000 - 0x00007ff85ebe7000 	C:\Windows\System32\msvcrt.dll
0x00007ff85dca0000 - 0x00007ff85dd3a000 	C:\Windows\System32\msvcp_win.dll
0x00007ff85e200000 - 0x00007ff85e231000 	C:\Windows\System32\IMM32.DLL
0x00007ff850de0000 - 0x00007ff850dec000 	C:\Users\minec\.p2\pool\plugins\org.eclipse.justj.openjdk.hotspot.jre.full.win32.x86_64_17.0.10.v20240120-1143\jre\bin\vcruntime140_1.dll
0x00007ff806a90000 - 0x00007ff806b1d000 	C:\Users\minec\.p2\pool\plugins\org.eclipse.justj.openjdk.hotspot.jre.full.win32.x86_64_17.0.10.v20240120-1143\jre\bin\msvcp140.dll
0x00007ff811e30000 - 0x00007ff812a92000 	C:\Users\minec\.p2\pool\plugins\org.eclipse.justj.openjdk.hotspot.jre.full.win32.x86_64_17.0.10.v20240120-1143\jre\bin\server\jvm.dll
0x00007ff85ddb0000 - 0x00007ff85de62000 	C:\Windows\System32\ADVAPI32.dll
0x00007ff85fc80000 - 0x00007ff85fd28000 	C:\Windows\System32\sechost.dll
0x00007ff85d3f0000 - 0x00007ff85d418000 	C:\Windows\System32\bcrypt.dll
0x00007ff85e410000 - 0x00007ff85e525000 	C:\Windows\System32\RPCRT4.dll
0x00007ff85cdd0000 - 0x00007ff85ce1d000 	C:\Windows\SYSTEM32\POWRPROF.dll
0x00007ff83a190000 - 0x00007ff83a199000 	C:\Windows\SYSTEM32\WSOCK32.dll
0x00007ff85de70000 - 0x00007ff85dee1000 	C:\Windows\System32\WS2_32.dll
0x00007ff854f80000 - 0x00007ff854fb4000 	C:\Windows\SYSTEM32\WINMM.dll
0x00007ff856850000 - 0x00007ff85685a000 	C:\Windows\SYSTEM32\VERSION.dll
0x00007ff85ccf0000 - 0x00007ff85cd03000 	C:\Windows\SYSTEM32\UMPDC.dll
0x00007ff85c270000 - 0x00007ff85c288000 	C:\Windows\SYSTEM32\kernel.appcore.dll
0x00007ff83a170000 - 0x00007ff83a17a000 	C:\Users\minec\.p2\pool\plugins\org.eclipse.justj.openjdk.hotspot.jre.full.win32.x86_64_17.0.10.v20240120-1143\jre\bin\jimage.dll
0x00007ff8529d0000 - 0x00007ff852c02000 	C:\Windows\SYSTEM32\DBGHELP.DLL
0x00007ff85edb0000 - 0x00007ff85f138000 	C:\Windows\System32\combase.dll
0x00007ff85ea00000 - 0x00007ff85ead7000 	C:\Windows\System32\OLEAUT32.dll
0x00007ff838b20000 - 0x00007ff838b52000 	C:\Windows\SYSTEM32\dbgcore.DLL
0x00007ff85d940000 - 0x00007ff85d9b9000 	C:\Windows\System32\bcryptPrimitives.dll
0x00007ff813010000 - 0x00007ff813035000 	C:\Users\minec\.p2\pool\plugins\org.eclipse.justj.openjdk.hotspot.jre.full.win32.x86_64_17.0.10.v20240120-1143\jre\bin\java.dll
0x00007ff812ff0000 - 0x00007ff813008000 	C:\Users\minec\.p2\pool\plugins\org.eclipse.justj.openjdk.hotspot.jre.full.win32.x86_64_17.0.10.v20240120-1143\jre\bin\zip.dll
0x00007ff85f410000 - 0x00007ff85fc6c000 	C:\Windows\System32\SHELL32.dll
0x00007ff85b220000 - 0x00007ff85bb16000 	C:\Windows\SYSTEM32\windows.storage.dll
0x00007ff85b0e0000 - 0x00007ff85b21e000 	C:\Windows\SYSTEM32\wintypes.dll
0x00007ff85e100000 - 0x00007ff85e1f5000 	C:\Windows\System32\SHCORE.dll
0x00007ff85f180000 - 0x00007ff85f1de000 	C:\Windows\System32\shlwapi.dll
0x00007ff85d260000 - 0x00007ff85d281000 	C:\Windows\SYSTEM32\profapi.dll
0x00007ff802b30000 - 0x00007ff802cc0000 	C:\Users\minec\.p2\pool\plugins\org.eclipse.justj.openjdk.hotspot.jre.full.win32.x86_64_17.0.10.v20240120-1143\jre\bin\awt.dll
0x00007ff85a670000 - 0x00007ff85a707000 	C:\Windows\SYSTEM32\apphelp.dll
0x00007ff85ab80000 - 0x00007ff85abab000 	C:\Windows\system32\DWMAPI.DLL
0x00007ff85a830000 - 0x00007ff85a8db000 	C:\Windows\system32\uxtheme.dll
0x00007ff8001a0000 - 0x00007ff8002a0000 	C:\Windows\system32\opengl32.dll
0x00007ff833b50000 - 0x00007ff833b7d000 	C:\Windows\SYSTEM32\GLU32.dll
0x00007ff85a940000 - 0x00007ff85a979000 	C:\Windows\SYSTEM32\dxcore.dll
0x00007ff85fd30000 - 0x00007ff85fe83000 	C:\Windows\System32\MSCTF.dll
0x00007ff85e240000 - 0x00007ff85e3e5000 	C:\Windows\System32\ole32.dll
0x00007ff842b80000 - 0x00007ff842d29000 	C:\Windows\system32\d3d9.dll
0x00007ff84f8e0000 - 0x00007ff84f99e000 	C:\Windows\System32\DriverStore\FileRepository\nvmdi.inf_amd64_509c7440ad905b9c\nvldumdx.dll
0x00007ff85cfc0000 - 0x00007ff85cfd2000 	C:\Windows\SYSTEM32\msasn1.dll
0x00007ff856810000 - 0x00007ff856842000 	C:\Windows\SYSTEM32\cryptnet.dll
0x00007ff85d420000 - 0x00007ff85d588000 	C:\Windows\System32\CRYPT32.dll
0x00007ff856670000 - 0x00007ff8567c8000 	C:\Windows\SYSTEM32\drvstore.dll
0x00007ff85d050000 - 0x00007ff85d07c000 	C:\Windows\SYSTEM32\devobj.dll
0x00007ff85d000000 - 0x00007ff85d04e000 	C:\Windows\SYSTEM32\cfgmgr32.dll
0x00007ff85ca00000 - 0x00007ff85ca49000 	C:\Windows\SYSTEM32\wldp.dll
0x00007ff85c970000 - 0x00007ff85c97c000 	C:\Windows\SYSTEM32\cryptbase.dll
0x00007ff85dc00000 - 0x00007ff85dc6b000 	C:\Windows\System32\wintrust.dll
0x00007ff85ffa0000 - 0x00007ff85ffbf000 	C:\Windows\System32\imagehlp.dll
0x00007ff85cbb0000 - 0x00007ff85cbcb000 	C:\Windows\SYSTEM32\CRYPTSP.dll
0x00007ff85c290000 - 0x00007ff85c2c5000 	C:\Windows\system32\rsaenh.dll
0x00007ff84cf60000 - 0x00007ff84f17e000 	C:\Windows\System32\DriverStore\FileRepository\nvmdi.inf_amd64_509c7440ad905b9c\nvgpucomp64.dll
0x00007fffe5030000 - 0x00007fffe73df000 	C:\Windows\System32\DriverStore\FileRepository\nvmdi.inf_amd64_509c7440ad905b9c\nvd3dumx.dll
0x00007ff855120000 - 0x00007ff85516a000 	C:\Windows\SYSTEM32\directxdatabasehelper.dll
0x00007ff834b30000 - 0x00007ff834e01000 	C:\Windows\system32\nvspcap64.dll
0x00007ff85c330000 - 0x00007ff85c364000 	C:\Windows\SYSTEM32\ntmarta.dll
0x00007ff85c7e0000 - 0x00007ff85c806000 	C:\Windows\SYSTEM32\gpapi.dll
0x00007ff806450000 - 0x00007ff8064d7000 	C:\Users\minec\.p2\pool\plugins\org.eclipse.justj.openjdk.hotspot.jre.full.win32.x86_64_17.0.10.v20240120-1143\jre\bin\freetype.dll
0x00007ff800010000 - 0x00007ff8000e3000 	C:\Users\minec\.p2\pool\plugins\org.eclipse.justj.openjdk.hotspot.jre.full.win32.x86_64_17.0.10.v20240120-1143\jre\bin\fontmanager.dll
0x00007ff83d320000 - 0x00007ff83d46b000 	C:\Windows\SYSTEM32\textinputframework.dll
0x00007ff859e40000 - 0x00007ff859f73000 	C:\Windows\SYSTEM32\CoreMessaging.dll
0x00007ff853e20000 - 0x00007ff85418c000 	C:\Windows\SYSTEM32\CoreUIComponents.dll

dbghelp: loaded successfully - version: 4.0.5 - missing functions: none
symbol engine: initialized successfully - sym options: 0x614 - pdb path: .;C:\Users\minec\.p2\pool\plugins\org.eclipse.justj.openjdk.hotspot.jre.full.win32.x86_64_17.0.10.v20240120-1143\jre\bin;C:\Windows\SYSTEM32;C:\Windows\WinSxS\amd64_microsoft.windows.common-controls_6595b64144ccf1df_6.0.22621.3527_none_270e469b73872a76;C:\Users\minec\.p2\pool\plugins\org.eclipse.justj.openjdk.hotspot.jre.full.win32.x86_64_17.0.10.v20240120-1143\jre\bin\server;C:\Windows\System32\DriverStore\FileRepository\nvmdi.inf_amd64_509c7440ad905b9c

VM Arguments:
jvm_args: -Dfile.encoding=UTF-8 -Dstdout.encoding=UTF-8 -Dstderr.encoding=UTF-8 -XX:+ShowCodeDetailsInExceptionMessages 
java_command: gui.Main
java_class_path (initial): C:\Users\minec\git\repository\PongPlus\bin
Launcher Type: SUN_STANDARD

[Global flags]
     intx CICompilerCount                          = 12                                        {product} {ergonomic}
     uint ConcGCThreads                            = 5                                         {product} {ergonomic}
     uint G1ConcRefinementThreads                  = 18                                        {product} {ergonomic}
   size_t G1HeapRegionSize                         = 4194304                                   {product} {ergonomic}
    uintx GCDrainStackTargetSize                   = 64                                        {product} {ergonomic}
   size_t InitialHeapSize                          = 536870912                                 {product} {ergonomic}
   size_t MarkStackSize                            = 4194304                                   {product} {ergonomic}
   size_t MaxHeapSize                              = 8543797248                                {product} {ergonomic}
   size_t MaxNewSize                               = 5125439488                                {product} {ergonomic}
   size_t MinHeapDeltaBytes                        = 4194304                                   {product} {ergonomic}
   size_t MinHeapSize                              = 8388608                                   {product} {ergonomic}
    uintx NonNMethodCodeHeapSize                   = 7602480                                {pd product} {ergonomic}
    uintx NonProfiledCodeHeapSize                  = 122027880                              {pd product} {ergonomic}
    uintx ProfiledCodeHeapSize                     = 122027880                              {pd product} {ergonomic}
    uintx ReservedCodeCacheSize                    = 251658240                              {pd product} {ergonomic}
     bool SegmentedCodeCache                       = true                                      {product} {ergonomic}
     bool ShowCodeDetailsInExceptionMessages       = true                                   {manageable} {command line}
   size_t SoftMaxHeapSize                          = 8543797248                             {manageable} {ergonomic}
     bool UseCompressedClassPointers               = true                           {product lp64_product} {ergonomic}
     bool UseCompressedOops                        = true                           {product lp64_product} {ergonomic}
     bool UseG1GC                                  = true                                      {product} {ergonomic}
     bool UseLargePagesIndividualAllocation        = false                                  {pd product} {ergonomic}

Logging:
Log output configuration:
 #0: stdout all=warning uptime,level,tags
 #1: stderr all=off uptime,level,tags

Environment Variables:
PATH=C:/Users/minec/.p2/pool/plugins/org.eclipse.justj.openjdk.hotspot.jre.full.win32.x86_64_17.0.10.v20240120-1143/jre/bin/server;C:/Users/minec/.p2/pool/plugins/org.eclipse.justj.openjdk.hotspot.jre.full.win32.x86_64_17.0.10.v20240120-1143/jre/bin;C:\Program Files (x86)\Common Files\Oracle\Java\javapath;C:\Windows\system32;C:\Windows;C:\Windows\System32\Wbem;C:\Windows\System32\WindowsPowerShell\v1.0\;C:\Windows\System32\OpenSSH\;C:\Program Files (x86)\NVIDIA Corporation\PhysX\Common;C:\Program Files\Mullvad VPN\resources;C:\Program Files\NVIDIA Corporation\NVIDIA NvDLISR;C:\Program Files\nodejs\;C:\Users\minec\AppData\Local\Microsoft\WindowsApps;C:\Users\minec\AppData\Local\Programs\Microsoft VS Code\bin;C:\Users\minec\AppData\Roaming\npm;C:\Users\minec\AppData\Local\GitHubDesktop\bin;C:\Windows\System32;
USERNAME=minec
OS=Windows_NT
PROCESSOR_IDENTIFIER=Intel64 Family 6 Model 183 Stepping 1, GenuineIntel
TMP=C:\Users\minec\AppData\Local\Temp
TEMP=C:\Users\minec\AppData\Local\Temp



Periodic native trim disabled


---------------  S Y S T E M  ---------------

OS:
 Windows 11 , 64 bit Build 22621 (10.0.22621.3527)
OS uptime: 1 days 4:38 hours
Hyper-V role detected

CPU: total 24 (initial active 24) (12 cores per cpu, 2 threads per core) family 6 model 183 stepping 1 microcode 0x113, cx8, cmov, fxsr, ht, mmx, 3dnowpref, sse, sse2, sse3, ssse3, sse4.1, sse4.2, popcnt, lzcnt, tsc, tscinvbit, avx, avx2, aes, erms, clmul, bmi1, bmi2, adx, sha, fma, vzeroupper, clflush, clflushopt, clwb, hv
Processor Information for all 24 processors :
  Max Mhz: 2100, Current Mhz: 2100, Mhz Limit: 2100

Memory: 4k page, system-wide physical 32581M (2723M free)
TotalPageFile size 130885M (AvailPageFile size 2M)
current process WorkingSet (physical memory assigned to process): 89M, peak: 102M
current process commit charge ("private bytes"): 670M, peak: 684M

vm_info: OpenJDK 64-Bit Server VM (17.0.10+7) for windows-amd64 JRE (17.0.10+7), built on Jan 16 2024 23:25:11 by "admin" with MS VC++ 16.10 / 16.11 (VS2019)

END.
